This file contains any messages produced by compilers while
running configure, to aid debugging if configure makes a mistake.

It was created by cute configure 0.0, which was
generated by GNU Autoconf 2.69.  Invocation command line was

  $ ./configure --prefix=/home/damonge

## --------- ##
## Platform. ##
## --------- ##

hostname = Wintermute
uname -m = x86_64
uname -r = 5.13.0-27-generic
uname -s = Linux
uname -v = #29~20.04.1-Ubuntu SMP Fri Jan 14 00:32:30 UTC 2022

/usr/bin/uname -p = x86_64
/bin/uname -X     = unknown

/bin/arch              = x86_64
/usr/bin/arch -k       = unknown
/usr/convex/getsysinfo = unknown
/usr/bin/hostinfo      = unknown
/bin/machine           = unknown
/usr/bin/oslevel       = unknown
/bin/universe          = unknown

PATH: /home/damonge/bin
PATH: /home/damonge/.local/bin
PATH: /home/damonge/bin
PATH: /usr/local/sbin
PATH: /usr/local/bin
PATH: /usr/sbin
PATH: /usr/bin
PATH: /sbin
PATH: /bin
PATH: /usr/games
PATH: /usr/local/games
PATH: /snap/bin


## ----------- ##
## Core tests. ##
## ----------- ##

configure:2330: checking for a BSD-compatible install
configure:2398: result: /usr/bin/install -c
configure:2409: checking whether build environment is sane
configure:2464: result: yes
configure:2613: checking for a thread-safe mkdir -p
configure:2652: result: /usr/bin/mkdir -p
configure:2659: checking for gawk
configure:2689: result: no
configure:2659: checking for mawk
configure:2675: found /usr/bin/mawk
configure:2686: result: mawk
configure:2697: checking whether make sets $(MAKE)
configure:2719: result: yes
configure:2748: checking whether make supports nested variables
configure:2765: result: yes
configure:2895: checking whether make supports the include directive
configure:2910: make -f confmf.GNU && cat confinc.out
this is the am__doit target
configure:2913: $? = 0
configure:2932: result: yes (GNU style)
configure:3002: checking for gcc
configure:3029: result: gcc-10
configure:3258: checking for C compiler version
configure:3267: gcc-10 --version >&5
gcc-10 (Ubuntu 10.3.0-1ubuntu1~20.04) 10.3.0
Copyright (C) 2020 Free Software Foundation, Inc.
This is free software; see the source for copying conditions.  There is NO
warranty; not even for MERCHANTABILITY or FITNESS FOR A PARTICULAR PURPOSE.

configure:3278: $? = 0
configure:3267: gcc-10 -v >&5
Using built-in specs.
COLLECT_GCC=gcc-10
COLLECT_LTO_WRAPPER=/usr/lib/gcc/x86_64-linux-gnu/10/lto-wrapper
OFFLOAD_TARGET_NAMES=nvptx-none:amdgcn-amdhsa:hsa
OFFLOAD_TARGET_DEFAULT=1
Target: x86_64-linux-gnu
Configured with: ../src/configure -v --with-pkgversion='Ubuntu 10.3.0-1ubuntu1~20.04' --with-bugurl=file:///usr/share/doc/gcc-10/README.Bugs --enable-languages=c,ada,c++,go,brig,d,fortran,objc,obj-c++,m2 --prefix=/usr --with-gcc-major-version-only --program-suffix=-10 --program-prefix=x86_64-linux-gnu- --enable-shared --enable-linker-build-id --libexecdir=/usr/lib --without-included-gettext --enable-threads=posix --libdir=/usr/lib --enable-nls --enable-bootstrap --enable-clocale=gnu --enable-libstdcxx-debug --enable-libstdcxx-time=yes --with-default-libstdcxx-abi=new --enable-gnu-unique-object --disable-vtable-verify --enable-plugin --enable-default-pie --with-system-zlib --enable-libphobos-checking=release --with-target-system-zlib=auto --enable-objc-gc=auto --enable-multiarch --disable-werror --with-arch-32=i686 --with-abi=m64 --with-multilib-list=m32,m64,mx32 --enable-multilib --with-tune=generic --enable-offload-targets=nvptx-none=/build/gcc-10-S4I5Pr/gcc-10-10.3.0/debian/tmp-nvptx/usr,amdgcn-amdhsa=/build/gcc-10-S4I5Pr/gcc-10-10.3.0/debian/tmp-gcn/usr,hsa --without-cuda-driver --enable-checking=release --build=x86_64-linux-gnu --host=x86_64-linux-gnu --target=x86_64-linux-gnu --with-build-config=bootstrap-lto-lean --enable-link-mutex
Thread model: posix
Supported LTO compression algorithms: zlib zstd
gcc version 10.3.0 (Ubuntu 10.3.0-1ubuntu1~20.04) 
... rest of stderr output deleted ...
configure:3278: $? = 0
configure:3267: gcc-10 -V >&5
gcc-10: error: unrecognized command-line option '-V'
gcc-10: fatal error: no input files
compilation terminated.
configure:3278: $? = 1
configure:3267: gcc-10 -qversion >&5
gcc-10: error: unrecognized command-line option '-qversion'; did you mean '--version'?
gcc-10: fatal error: no input files
compilation terminated.
configure:3278: $? = 1
configure:3298: checking whether the C compiler works
configure:3320: gcc-10   -I/home/damonge/include  -L/home/damonge/lib conftest.c  >&5
configure:3324: $? = 0
configure:3372: result: yes
configure:3375: checking for C compiler default output file name
configure:3377: result: a.out
configure:3383: checking for suffix of executables
configure:3390: gcc-10 -o conftest   -I/home/damonge/include  -L/home/damonge/lib conftest.c  >&5
configure:3394: $? = 0
configure:3416: result: 
configure:3438: checking whether we are cross compiling
configure:3446: gcc-10 -o conftest   -I/home/damonge/include  -L/home/damonge/lib conftest.c  >&5
configure:3450: $? = 0
configure:3457: ./conftest
configure:3461: $? = 0
configure:3449: result: no
configure:3454: checking for suffix of object files
configure:3476: gcc-10 -c   -I/home/damonge/include conftest.c >&5
configure:3480: $? = 0
configure:3501: result: o
configure:3505: checking whether we are using the GNU C compiler
configure:3524: gcc-10 -c   -I/home/damonge/include conftest.c >&5
configure:3524: $? = 0
configure:3533: result: yes
configure:3542: checking whether gcc-10 accepts -g
configure:3562: gcc-10 -c -g  -I/home/damonge/include conftest.c >&5
configure:3562: $? = 0
configure:3603: result: yes
configure:3620: checking for gcc-10 option to accept ISO C89
configure:3683: gcc-10  -c -g -O2  -I/home/damonge/include conftest.c >&5
configure:3683: $? = 0
configure:3696: result: none needed
configure:3721: checking whether gcc-10 understands -c and -o together
configure:3743: gcc-10 -c conftest.c -o conftest2.o
configure:3746: $? = 0
configure:3743: gcc-10 -c conftest.c -o conftest2.o
configure:3746: $? = 0
configure:3758: result: yes
configure:3777: checking dependency style of gcc-10
configure:3888: result: gcc3
configure:3953: checking for ar
configure:3969: found /usr/bin/ar
configure:3980: result: ar
configure:4006: checking the archiver (ar) interface
configure:4022: gcc-10 -c -g -O2  -I/home/damonge/include conftest.c >&5
configure:4022: $? = 0
configure:4024: ar cru libconftest.a conftest.o >&5
ar: `u' modifier ignored since `D' is the default (see `U')
configure:4027: $? = 0
configure:4026: result: ar
configure:4076: checking build system type
configure:4090: result: x86_64-pc-linux-gnu
configure:4110: checking host system type
configure:4123: result: x86_64-pc-linux-gnu
configure:4164: checking how to print strings
configure:4191: result: printf
configure:4212: checking for a sed that does not truncate output
configure:4276: result: /usr/bin/sed
configure:4294: checking for grep that handles long lines and -e
configure:4352: result: /usr/bin/grep
configure:4357: checking for egrep
configure:4419: result: /usr/bin/grep -E
configure:4424: checking for fgrep
configure:4486: result: /usr/bin/grep -F
configure:4521: checking for ld used by gcc-10
configure:4588: result: /usr/bin/ld
configure:4595: checking if the linker (/usr/bin/ld) is GNU ld
configure:4610: result: yes
configure:4622: checking for BSD- or MS-compatible name lister (nm)
configure:4676: result: /usr/bin/nm -B
configure:4806: checking the name lister (/usr/bin/nm -B) interface
configure:4813: gcc-10 -c -g -O2  -I/home/damonge/include conftest.c >&5
configure:4816: /usr/bin/nm -B "conftest.o"
configure:4819: output
0000000000000000 B some_variable
configure:4820: result: BSD nm
configure:4823: checking whether ln -s works
configure:4827: result: yes
configure:4835: checking the maximum length of command line arguments
configure:4966: result: 1572864
configure:5014: checking how to convert x86_64-pc-linux-gnu file names to x86_64-pc-linux-gnu format
configure:5054: result: func_convert_file_noop
configure:5061: checking how to convert x86_64-pc-linux-gnu file names to toolchain format
configure:5081: result: func_convert_file_noop
configure:5088: checking for /usr/bin/ld option to reload object files
configure:5095: result: -r
configure:5169: checking for objdump
configure:5185: found /usr/bin/objdump
configure:5196: result: objdump
configure:5228: checking how to recognize dependent libraries
configure:5428: result: pass_all
configure:5513: checking for dlltool
configure:5543: result: no
configure:5573: checking how to associate runtime and link libraries
configure:5600: result: printf %s\n
configure:5724: checking for archiver @FILE support
configure:5741: gcc-10 -c -g -O2  -I/home/damonge/include conftest.c >&5
configure:5741: $? = 0
configure:5744: ar cr libconftest.a @conftest.lst >&5
configure:5747: $? = 0
configure:5752: ar cr libconftest.a @conftest.lst >&5
ar: conftest.o: No such file or directory
configure:5755: $? = 1
configure:5754: result: @
configure:5812: checking for strip
configure:5828: found /usr/bin/strip
configure:5839: result: strip
configure:5911: checking for ranlib
configure:5927: found /usr/bin/ranlib
configure:5938: result: ranlib
configure:6040: checking command to parse /usr/bin/nm -B output from gcc-10 object
configure:6193: gcc-10 -c -g -O2  -I/home/damonge/include conftest.c >&5
configure:6196: $? = 0
configure:6200: /usr/bin/nm -B conftest.o | sed -n -e 's/^.*[	 ]\([ABCDGIRSTW][ABCDGIRSTW]*\)[	 ][	 ]*\([_A-Za-z][_A-Za-z0-9]*\)$/\1 \2 \2/p' | sed '/ __gnu_lto/d' > conftest.nm
configure:6266: gcc-10 -o conftest -g -O2  -I/home/damonge/include  -L/home/damonge/lib conftest.c conftstm.o >&5
configure:6269: $? = 0
configure:6307: result: ok
configure:6354: checking for sysroot
configure:6384: result: no
configure:6391: checking for a working dd
configure:6429: result: /usr/bin/dd
configure:6433: checking how to truncate binary pipes
configure:6448: result: /usr/bin/dd bs=4096 count=1
configure:6584: gcc-10 -c -g -O2  -I/home/damonge/include conftest.c >&5
configure:6587: $? = 0
configure:6777: checking for mt
configure:6793: found /usr/bin/mt
configure:6804: result: mt
configure:6827: checking if mt is a manifest tool
configure:6833: mt '-?'
configure:6841: result: no
configure:7518: checking how to run the C preprocessor
configure:7549: gcc-10 -E  -I/home/damonge/include conftest.c
configure:7549: $? = 0
configure:7563: gcc-10 -E  -I/home/damonge/include conftest.c
conftest.c:11:10: fatal error: ac_nonexistent.h: No such file or directory
   11 | #include <ac_nonexistent.h>
      |          ^~~~~~~~~~~~~~~~~~
compilation terminated.
configure:7563: $? = 1
configure: failed program was:
| /* confdefs.h */
| #define PACKAGE_NAME "cute"
| #define PACKAGE_TARNAME "cute"
| #define PACKAGE_VERSION "0.0"
| #define PACKAGE_STRING "cute 0.0"
| #define PACKAGE_BUGREPORT "github.com/damonge/CutePy"
| #define PACKAGE_URL ""
| #define PACKAGE "cute"
| #define VERSION "0.0"
| /* end confdefs.h.  */
| #include <ac_nonexistent.h>
configure:7588: result: gcc-10 -E
configure:7608: gcc-10 -E  -I/home/damonge/include conftest.c
configure:7608: $? = 0
configure:7622: gcc-10 -E  -I/home/damonge/include conftest.c
conftest.c:11:10: fatal error: ac_nonexistent.h: No such file or directory
   11 | #include <ac_nonexistent.h>
      |          ^~~~~~~~~~~~~~~~~~
compilation terminated.
configure:7622: $? = 1
configure: failed program was:
| /* confdefs.h */
| #define PACKAGE_NAME "cute"
| #define PACKAGE_TARNAME "cute"
| #define PACKAGE_VERSION "0.0"
| #define PACKAGE_STRING "cute 0.0"
| #define PACKAGE_BUGREPORT "github.com/damonge/CutePy"
| #define PACKAGE_URL ""
| #define PACKAGE "cute"
| #define VERSION "0.0"
| /* end confdefs.h.  */
| #include <ac_nonexistent.h>
configure:7651: checking for ANSI C header files
configure:7671: gcc-10 -c -g -O2  -I/home/damonge/include conftest.c >&5
configure:7671: $? = 0
configure:7744: gcc-10 -o conftest -g -O2  -I/home/damonge/include  -L/home/damonge/lib conftest.c  >&5
configure:7744: $? = 0
configure:7744: ./conftest
configure:7744: $? = 0
configure:7755: result: yes
configure:7768: checking for sys/types.h
configure:7768: gcc-10 -c -g -O2  -I/home/damonge/include conftest.c >&5
configure:7768: $? = 0
configure:7768: result: yes
configure:7768: checking for sys/stat.h
configure:7768: gcc-10 -c -g -O2  -I/home/damonge/include conftest.c >&5
configure:7768: $? = 0
configure:7768: result: yes
configure:7768: checking for stdlib.h
configure:7768: gcc-10 -c -g -O2  -I/home/damonge/include conftest.c >&5
configure:7768: $? = 0
configure:7768: result: yes
configure:7768: checking for string.h
configure:7768: gcc-10 -c -g -O2  -I/home/damonge/include conftest.c >&5
configure:7768: $? = 0
configure:7768: result: yes
configure:7768: checking for memory.h
configure:7768: gcc-10 -c -g -O2  -I/home/damonge/include conftest.c >&5
configure:7768: $? = 0
configure:7768: result: yes
configure:7768: checking for strings.h
configure:7768: gcc-10 -c -g -O2  -I/home/damonge/include conftest.c >&5
configure:7768: $? = 0
configure:7768: result: yes
configure:7768: checking for inttypes.h
configure:7768: gcc-10 -c -g -O2  -I/home/damonge/include conftest.c >&5
configure:7768: $? = 0
configure:7768: result: yes
configure:7768: checking for stdint.h
configure:7768: gcc-10 -c -g -O2  -I/home/damonge/include conftest.c >&5
configure:7768: $? = 0
configure:7768: result: yes
configure:7768: checking for unistd.h
configure:7768: gcc-10 -c -g -O2  -I/home/damonge/include conftest.c >&5
configure:7768: $? = 0
configure:7768: result: yes
configure:7782: checking for dlfcn.h
configure:7782: gcc-10 -c -g -O2  -I/home/damonge/include conftest.c >&5
configure:7782: $? = 0
configure:7782: result: yes
configure:8037: checking for objdir
configure:8052: result: .libs
configure:8312: checking if gcc-10 supports -fno-rtti -fno-exceptions
configure:8330: gcc-10 -c -g -O2  -I/home/damonge/include -fno-rtti -fno-exceptions conftest.c >&5
cc1: warning: command-line option '-fno-rtti' is valid for C++/D/ObjC++ but not for C
configure:8334: $? = 0
configure:8347: result: no
configure:8711: checking for gcc-10 option to produce PIC
configure:8718: result: -fPIC -DPIC
configure:8726: checking if gcc-10 PIC flag -fPIC -DPIC works
configure:8744: gcc-10 -c -g -O2  -I/home/damonge/include -fPIC -DPIC -DPIC conftest.c >&5
configure:8748: $? = 0
configure:8761: result: yes
configure:8790: checking if gcc-10 static flag -static works
configure:8818: result: yes
configure:8833: checking if gcc-10 supports -c -o file.o
configure:8854: gcc-10 -c -g -O2  -I/home/damonge/include -o out/conftest2.o conftest.c >&5
configure:8858: $? = 0
configure:8880: result: yes
configure:8888: checking if gcc-10 supports -c -o file.o
configure:8935: result: yes
configure:8968: checking whether the gcc-10 linker (/usr/bin/ld -m elf_x86_64) supports shared libraries
configure:10231: result: yes
configure:10268: checking whether -lc should be explicitly linked in
configure:10276: gcc-10 -c -g -O2  -I/home/damonge/include conftest.c >&5
configure:10279: $? = 0
configure:10294: gcc-10 -shared  -fPIC -DPIC conftest.o  -v -Wl,-soname -Wl,conftest -o conftest 2\>\&1 \| /usr/bin/grep  -lc  \>/dev/null 2\>\&1
configure:10297: $? = 0
configure:10311: result: no
configure:10471: checking dynamic linker characteristics
configure:11052: gcc-10 -o conftest -g -O2  -I/home/damonge/include  -L/home/damonge/lib -Wl,-rpath -Wl,/foo conftest.c  >&5
configure:11052: $? = 0
configure:11301: result: GNU/Linux ld.so
configure:11423: checking how to hardcode library paths into programs
configure:11448: result: immediate
configure:11550: checking for shl_load
configure:11550: gcc-10 -o conftest -g -O2  -I/home/damonge/include  -L/home/damonge/lib conftest.c  >&5
/usr/bin/ld: /tmp/ccvVoNhv.o: in function `main':
/home/damonge/Science/PossibleProjects/2022_LCF/CutePy/conftest.c:57: undefined reference to `shl_load'
collect2: error: ld returned 1 exit status
configure:11550: $? = 1
configure: failed program was:
| /* confdefs.h */
| #define PACKAGE_NAME "cute"
| #define PACKAGE_TARNAME "cute"
| #define PACKAGE_VERSION "0.0"
| #define PACKAGE_STRING "cute 0.0"
| #define PACKAGE_BUGREPORT "github.com/damonge/CutePy"
| #define PACKAGE_URL ""
| #define PACKAGE "cute"
| #define VERSION "0.0"
| #define STDC_HEADERS 1
| #define HAVE_SYS_TYPES_H 1
| #define HAVE_SYS_STAT_H 1
| #define HAVE_STDLIB_H 1
| #define HAVE_STRING_H 1
| #define HAVE_MEMORY_H 1
| #define HAVE_STRINGS_H 1
| #define HAVE_INTTYPES_H 1
| #define HAVE_STDINT_H 1
| #define HAVE_UNISTD_H 1
| #define HAVE_DLFCN_H 1
| #define LT_OBJDIR ".libs/"
| /* end confdefs.h.  */
| /* Define shl_load to an innocuous variant, in case <limits.h> declares shl_load.
|    For example, HP-UX 11i <limits.h> declares gettimeofday.  */
| #define shl_load innocuous_shl_load
| 
| /* System header to define __stub macros and hopefully few prototypes,
|     which can conflict with char shl_load (); below.
|     Prefer <limits.h> to <assert.h> if __STDC__ is defined, since
|     <limits.h> exists even on freestanding compilers.  */
| 
| #ifdef __STDC__
| # include <limits.h>
| #else
| # include <assert.h>
| #endif
| 
| #undef shl_load
| 
| /* Override any GCC internal prototype to avoid an error.
|    Use char because int might match the return type of a GCC
|    builtin and then its argument prototype would still apply.  */
| #ifdef __cplusplus
| extern "C"
| #endif
| char shl_load ();
| /* The GNU C library defines this for functions which it implements
|     to always fail with ENOSYS.  Some functions are actually named
|     something starting with __ and the normal name is an alias.  */
| #if defined __stub_shl_load || defined __stub___shl_load
| choke me
| #endif
| 
| int
| main ()
| {
| return shl_load ();
|   ;
|   return 0;
| }
configure:11550: result: no
configure:11554: checking for shl_load in -ldld
configure:11579: gcc-10 -o conftest -g -O2  -I/home/damonge/include  -L/home/damonge/lib conftest.c -ldld   >&5
/usr/bin/ld: cannot find -ldld
collect2: error: ld returned 1 exit status
configure:11579: $? = 1
configure: failed program was:
| /* confdefs.h */
| #define PACKAGE_NAME "cute"
| #define PACKAGE_TARNAME "cute"
| #define PACKAGE_VERSION "0.0"
| #define PACKAGE_STRING "cute 0.0"
| #define PACKAGE_BUGREPORT "github.com/damonge/CutePy"
| #define PACKAGE_URL ""
| #define PACKAGE "cute"
| #define VERSION "0.0"
| #define STDC_HEADERS 1
| #define HAVE_SYS_TYPES_H 1
| #define HAVE_SYS_STAT_H 1
| #define HAVE_STDLIB_H 1
| #define HAVE_STRING_H 1
| #define HAVE_MEMORY_H 1
| #define HAVE_STRINGS_H 1
| #define HAVE_INTTYPES_H 1
| #define HAVE_STDINT_H 1
| #define HAVE_UNISTD_H 1
| #define HAVE_DLFCN_H 1
| #define LT_OBJDIR ".libs/"
| /* end confdefs.h.  */
| 
| /* Override any GCC internal prototype to avoid an error.
|    Use char because int might match the return type of a GCC
|    builtin and then its argument prototype would still apply.  */
| #ifdef __cplusplus
| extern "C"
| #endif
| char shl_load ();
| int
| main ()
| {
| return shl_load ();
|   ;
|   return 0;
| }
configure:11588: result: no
configure:11593: checking for dlopen
configure:11593: gcc-10 -o conftest -g -O2  -I/home/damonge/include  -L/home/damonge/lib conftest.c  >&5
/usr/bin/ld: /tmp/ccqHqAfB.o: in function `main':
/home/damonge/Science/PossibleProjects/2022_LCF/CutePy/conftest.c:57: undefined reference to `dlopen'
collect2: error: ld returned 1 exit status
configure:11593: $? = 1
configure: failed program was:
| /* confdefs.h */
| #define PACKAGE_NAME "cute"
| #define PACKAGE_TARNAME "cute"
| #define PACKAGE_VERSION "0.0"
| #define PACKAGE_STRING "cute 0.0"
| #define PACKAGE_BUGREPORT "github.com/damonge/CutePy"
| #define PACKAGE_URL ""
| #define PACKAGE "cute"
| #define VERSION "0.0"
| #define STDC_HEADERS 1
| #define HAVE_SYS_TYPES_H 1
| #define HAVE_SYS_STAT_H 1
| #define HAVE_STDLIB_H 1
| #define HAVE_STRING_H 1
| #define HAVE_MEMORY_H 1
| #define HAVE_STRINGS_H 1
| #define HAVE_INTTYPES_H 1
| #define HAVE_STDINT_H 1
| #define HAVE_UNISTD_H 1
| #define HAVE_DLFCN_H 1
| #define LT_OBJDIR ".libs/"
| /* end confdefs.h.  */
| /* Define dlopen to an innocuous variant, in case <limits.h> declares dlopen.
|    For example, HP-UX 11i <limits.h> declares gettimeofday.  */
| #define dlopen innocuous_dlopen
| 
| /* System header to define __stub macros and hopefully few prototypes,
|     which can conflict with char dlopen (); below.
|     Prefer <limits.h> to <assert.h> if __STDC__ is defined, since
|     <limits.h> exists even on freestanding compilers.  */
| 
| #ifdef __STDC__
| # include <limits.h>
| #else
| # include <assert.h>
| #endif
| 
| #undef dlopen
| 
| /* Override any GCC internal prototype to avoid an error.
|    Use char because int might match the return type of a GCC
|    builtin and then its argument prototype would still apply.  */
| #ifdef __cplusplus
| extern "C"
| #endif
| char dlopen ();
| /* The GNU C library defines this for functions which it implements
|     to always fail with ENOSYS.  Some functions are actually named
|     something starting with __ and the normal name is an alias.  */
| #if defined __stub_dlopen || defined __stub___dlopen
| choke me
| #endif
| 
| int
| main ()
| {
| return dlopen ();
|   ;
|   return 0;
| }
configure:11593: result: no
configure:11597: checking for dlopen in -ldl
configure:11622: gcc-10 -o conftest -g -O2  -I/home/damonge/include  -L/home/damonge/lib conftest.c -ldl   >&5
configure:11622: $? = 0
configure:11631: result: yes
configure:11750: checking whether a program can dlopen itself
configure:11830: gcc-10 -o conftest -g -O2  -I/home/damonge/include -DHAVE_DLFCN_H  -L/home/damonge/lib -Wl,--export-dynamic conftest.c -ldl  >&5
configure:11833: $? = 0
configure:11851: result: yes
configure:11856: checking whether a statically linked program can dlopen itself
configure:11936: gcc-10 -o conftest -g -O2  -I/home/damonge/include -DHAVE_DLFCN_H  -L/home/damonge/lib -Wl,--export-dynamic -static conftest.c -ldl  >&5
/usr/bin/ld: /tmp/ccNKqkK6.o: in function `main':
/home/damonge/Science/PossibleProjects/2022_LCF/CutePy/configure:11915: warning: Using 'dlopen' in statically linked applications requires at runtime the shared libraries from the glibc version used for linking
configure:11939: $? = 0
conftest: undefined symbol: _fnord
configure:11957: result: no
configure:11996: checking whether stripping libraries is possible
configure:12001: result: yes
configure:12036: checking if libtool supports shared libraries
configure:12038: result: yes
configure:12041: checking whether to build shared libraries
configure:12066: result: yes
configure:12069: checking whether to build static libraries
configure:12073: result: yes
configure:8893: checking whether to enable maintainer-specific portions of Makefiles
configure:8902: result: no
configure:8965: checking for gcc
configure:8992: result: gcc-10
configure:9221: checking for C compiler version
configure:9230: gcc-10 --version >&5
gcc-10 (Ubuntu 10.3.0-1ubuntu1~20.04) 10.3.0
Copyright (C) 2020 Free Software Foundation, Inc.
This is free software; see the source for copying conditions.  There is NO
warranty; not even for MERCHANTABILITY or FITNESS FOR A PARTICULAR PURPOSE.

configure:9241: $? = 0
configure:9230: gcc-10 -v >&5
Using built-in specs.
COLLECT_GCC=gcc-10
COLLECT_LTO_WRAPPER=/usr/lib/gcc/x86_64-linux-gnu/10/lto-wrapper
OFFLOAD_TARGET_NAMES=nvptx-none:amdgcn-amdhsa:hsa
OFFLOAD_TARGET_DEFAULT=1
Target: x86_64-linux-gnu
Configured with: ../src/configure -v --with-pkgversion='Ubuntu 10.3.0-1ubuntu1~20.04' --with-bugurl=file:///usr/share/doc/gcc-10/README.Bugs --enable-languages=c,ada,c++,go,brig,d,fortran,objc,obj-c++,m2 --prefix=/usr --with-gcc-major-version-only --program-suffix=-10 --program-prefix=x86_64-linux-gnu- --enable-shared --enable-linker-build-id --libexecdir=/usr/lib --without-included-gettext --enable-threads=posix --libdir=/usr/lib --enable-nls --enable-bootstrap --enable-clocale=gnu --enable-libstdcxx-debug --enable-libstdcxx-time=yes --with-default-libstdcxx-abi=new --enable-gnu-unique-object --disable-vtable-verify --enable-plugin --enable-default-pie --with-system-zlib --enable-libphobos-checking=release --with-target-system-zlib=auto --enable-objc-gc=auto --enable-multiarch --disable-werror --with-arch-32=i686 --with-abi=m64 --with-multilib-list=m32,m64,mx32 --enable-multilib --with-tune=generic --enable-offload-targets=nvptx-none=/build/gcc-10-S4I5Pr/gcc-10-10.3.0/debian/tmp-nvptx/usr,amdgcn-amdhsa=/build/gcc-10-S4I5Pr/gcc-10-10.3.0/debian/tmp-gcn/usr,hsa --without-cuda-driver --enable-checking=release --build=x86_64-linux-gnu --host=x86_64-linux-gnu --target=x86_64-linux-gnu --with-build-config=bootstrap-lto-lean --enable-link-mutex
Thread model: posix
Supported LTO compression algorithms: zlib zstd
gcc version 10.3.0 (Ubuntu 10.3.0-1ubuntu1~20.04) 
... rest of stderr output deleted ...
configure:9241: $? = 0
configure:9230: gcc-10 -V >&5
gcc-10: error: unrecognized command-line option '-V'
gcc-10: fatal error: no input files
compilation terminated.
configure:9241: $? = 1
configure:9230: gcc-10 -qversion >&5
gcc-10: error: unrecognized command-line option '-qversion'; did you mean '--version'?
gcc-10: fatal error: no input files
compilation terminated.
configure:9241: $? = 1
configure:9245: checking whether we are using the GNU C compiler
configure:9273: result: yes
configure:9282: checking whether gcc-10 accepts -g
configure:9343: result: yes
configure:9360: checking for gcc-10 option to accept ISO C89
configure:9436: result: none needed
configure:9461: checking whether gcc-10 understands -c and -o together
configure:9498: result: yes
configure:9517: checking dependency style of gcc-10
configure:9628: result: gcc3
configure:9647: checking for gcc-10 option to accept ISO C99
configure:9796: gcc-10  -c -g -O2  -I/home/damonge/include conftest.c >&5
configure:9796: $? = 0
configure:9809: result: none needed
configure:9917: checking for gcc-10 option to accept ISO Standard C
configure:9928: result: none needed
configure:9938: checking whether to enable maintainer-specific portions of Makefiles
configure:9947: result: no
configure:9968: checking for gcc-10 option to support OpenMP
configure:9983: gcc-10 -o conftest -g -O2  -I/home/damonge/include  -L/home/damonge/lib conftest.c  >&5
conftest.c:25:2: error: unknown type name 'choke'
   25 |  choke me
      |  ^~~~~
conftest.c:25:10: error: expected ';' before 'typedef'
   25 |  choke me
      |          ^
      |          ;
configure:9983: $? = 1
configure: failed program was:
| /* confdefs.h */
| #define PACKAGE_NAME "cute"
| #define PACKAGE_TARNAME "cute"
| #define PACKAGE_VERSION "0.0"
| #define PACKAGE_STRING "cute 0.0"
| #define PACKAGE_BUGREPORT "github.com/damonge/CutePy"
| #define PACKAGE_URL ""
| #define PACKAGE "cute"
| #define VERSION "0.0"
| #define STDC_HEADERS 1
| #define HAVE_SYS_TYPES_H 1
| #define HAVE_SYS_STAT_H 1
| #define HAVE_STDLIB_H 1
| #define HAVE_STRING_H 1
| #define HAVE_MEMORY_H 1
| #define HAVE_STRINGS_H 1
| #define HAVE_INTTYPES_H 1
| #define HAVE_STDINT_H 1
| #define HAVE_UNISTD_H 1
| #define HAVE_DLFCN_H 1
| #define LT_OBJDIR ".libs/"
| /* end confdefs.h.  */
| 
| #ifndef _OPENMP
|  choke me
| #endif
| #include <omp.h>
| int main () { return omp_get_num_threads (); }
| 
configure:10001: gcc-10 -o conftest -g -O2 -fopenmp  -I/home/damonge/include  -L/home/damonge/lib conftest.c  >&5
configure:10001: $? = 0
configure:10015: result: -fopenmp
configure:10028: checking for library containing pow
configure:10059: gcc-10 -o conftest -g -O2  -I/home/damonge/include  -L/home/damonge/lib conftest.c  >&5
conftest.c:30:6: warning: conflicting types for built-in function 'pow'; expected 'double(double,  double)' [-Wbuiltin-declaration-mismatch]
   30 | char pow ();
      |      ^~~
conftest.c:1:1: note: 'pow' is declared in header '<math.h>'
    1 | /* confdefs.h */
/usr/bin/ld: /tmp/ccqqkiYA.o: in function `main':
/home/damonge/Science/PossibleProjects/2022_LCF/CutePy/conftest.c:34: undefined reference to `pow'
collect2: error: ld returned 1 exit status
configure:10059: $? = 1
configure: failed program was:
| /* confdefs.h */
| #define PACKAGE_NAME "cute"
| #define PACKAGE_TARNAME "cute"
| #define PACKAGE_VERSION "0.0"
| #define PACKAGE_STRING "cute 0.0"
| #define PACKAGE_BUGREPORT "github.com/damonge/CutePy"
| #define PACKAGE_URL ""
| #define PACKAGE "cute"
| #define VERSION "0.0"
| #define STDC_HEADERS 1
| #define HAVE_SYS_TYPES_H 1
| #define HAVE_SYS_STAT_H 1
| #define HAVE_STDLIB_H 1
| #define HAVE_STRING_H 1
| #define HAVE_MEMORY_H 1
| #define HAVE_STRINGS_H 1
| #define HAVE_INTTYPES_H 1
| #define HAVE_STDINT_H 1
| #define HAVE_UNISTD_H 1
| #define HAVE_DLFCN_H 1
| #define LT_OBJDIR ".libs/"
| /* end confdefs.h.  */
| 
| /* Override any GCC internal prototype to avoid an error.
|    Use char because int might match the return type of a GCC
|    builtin and then its argument prototype would still apply.  */
| #ifdef __cplusplus
| extern "C"
| #endif
| char pow ();
| int
| main ()
| {
| return pow ();
|   ;
|   return 0;
| }
configure:10059: gcc-10 -o conftest -g -O2  -I/home/damonge/include  -L/home/damonge/lib conftest.c -lm   >&5
conftest.c:30:6: warning: conflicting types for built-in function 'pow'; expected 'double(double,  double)' [-Wbuiltin-declaration-mismatch]
   30 | char pow ();
      |      ^~~
conftest.c:1:1: note: 'pow' is declared in header '<math.h>'
    1 | /* confdefs.h */
configure:10059: $? = 0
configure:10076: result: -lm
configure:10086: checking for library containing ffopen
configure:10117: gcc-10 -o conftest -g -O2  -I/home/damonge/include  -L/home/damonge/lib conftest.c -lm  >&5
/usr/bin/ld: /tmp/cc7XpJHG.o: in function `main':
/home/damonge/Science/PossibleProjects/2022_LCF/CutePy/conftest.c:34: undefined reference to `ffopen'
collect2: error: ld returned 1 exit status
configure:10117: $? = 1
configure: failed program was:
| /* confdefs.h */
| #define PACKAGE_NAME "cute"
| #define PACKAGE_TARNAME "cute"
| #define PACKAGE_VERSION "0.0"
| #define PACKAGE_STRING "cute 0.0"
| #define PACKAGE_BUGREPORT "github.com/damonge/CutePy"
| #define PACKAGE_URL ""
| #define PACKAGE "cute"
| #define VERSION "0.0"
| #define STDC_HEADERS 1
| #define HAVE_SYS_TYPES_H 1
| #define HAVE_SYS_STAT_H 1
| #define HAVE_STDLIB_H 1
| #define HAVE_STRING_H 1
| #define HAVE_MEMORY_H 1
| #define HAVE_STRINGS_H 1
| #define HAVE_INTTYPES_H 1
| #define HAVE_STDINT_H 1
| #define HAVE_UNISTD_H 1
| #define HAVE_DLFCN_H 1
| #define LT_OBJDIR ".libs/"
| /* end confdefs.h.  */
| 
| /* Override any GCC internal prototype to avoid an error.
|    Use char because int might match the return type of a GCC
|    builtin and then its argument prototype would still apply.  */
| #ifdef __cplusplus
| extern "C"
| #endif
| char ffopen ();
| int
| main ()
| {
| return ffopen ();
|   ;
|   return 0;
| }
configure:10117: gcc-10 -o conftest -g -O2  -I/home/damonge/include  -L/home/damonge/lib conftest.c -lcfitsio  -lm  >&5
configure:10117: $? = 0
configure:10134: result: -lcfitsio
configure:10144: checking for library containing ring2nest
configure:10175: gcc-10 -o conftest -g -O2  -I/home/damonge/include  -L/home/damonge/lib conftest.c -lcfitsio -lm  >&5
/usr/bin/ld: /tmp/cc6oFRxt.o: in function `main':
/home/damonge/Science/PossibleProjects/2022_LCF/CutePy/conftest.c:34: undefined reference to `ring2nest'
collect2: error: ld returned 1 exit status
configure:10175: $? = 1
configure: failed program was:
| /* confdefs.h */
| #define PACKAGE_NAME "cute"
| #define PACKAGE_TARNAME "cute"
| #define PACKAGE_VERSION "0.0"
| #define PACKAGE_STRING "cute 0.0"
| #define PACKAGE_BUGREPORT "github.com/damonge/CutePy"
| #define PACKAGE_URL ""
| #define PACKAGE "cute"
| #define VERSION "0.0"
| #define STDC_HEADERS 1
| #define HAVE_SYS_TYPES_H 1
| #define HAVE_SYS_STAT_H 1
| #define HAVE_STDLIB_H 1
| #define HAVE_STRING_H 1
| #define HAVE_MEMORY_H 1
| #define HAVE_STRINGS_H 1
| #define HAVE_INTTYPES_H 1
| #define HAVE_STDINT_H 1
| #define HAVE_UNISTD_H 1
| #define HAVE_DLFCN_H 1
| #define LT_OBJDIR ".libs/"
| /* end confdefs.h.  */
| 
| /* Override any GCC internal prototype to avoid an error.
|    Use char because int might match the return type of a GCC
|    builtin and then its argument prototype would still apply.  */
| #ifdef __cplusplus
| extern "C"
| #endif
| char ring2nest ();
| int
| main ()
| {
| return ring2nest ();
|   ;
|   return 0;
| }
configure:10175: gcc-10 -o conftest -g -O2  -I/home/damonge/include  -L/home/damonge/lib conftest.c -lchealpix  -lcfitsio -lm  >&5
configure:10175: $? = 0
configure:10192: result: -lchealpix
configure:10207: checking for stdlib.h
configure:10207: result: yes
configure:10207: checking for string.h
configure:10207: result: yes
configure:10207: checking math.h usability
configure:10207: gcc-10 -c -g -O2  -I/home/damonge/include conftest.c >&5
configure:10207: $? = 0
configure:10207: result: yes
configure:10207: checking math.h presence
configure:10207: gcc-10 -E  -I/home/damonge/include conftest.c
configure:10207: $? = 0
configure:10207: result: yes
configure:10207: checking for math.h
configure:10207: result: yes
configure:10207: checking stdarg.h usability
configure:10207: gcc-10 -c -g -O2  -I/home/damonge/include conftest.c >&5
configure:10207: $? = 0
configure:10207: result: yes
configure:10207: checking stdarg.h presence
configure:10207: gcc-10 -E  -I/home/damonge/include conftest.c
configure:10207: $? = 0
configure:10207: result: yes
configure:10207: checking for stdarg.h
configure:10207: result: yes
configure:10207: checking for unistd.h
configure:10207: result: yes
configure:10207: checking time.h usability
configure:10207: gcc-10 -c -g -O2  -I/home/damonge/include conftest.c >&5
configure:10207: $? = 0
configure:10207: result: yes
configure:10207: checking time.h presence
configure:10207: gcc-10 -E  -I/home/damonge/include conftest.c
configure:10207: $? = 0
configure:10207: result: yes
configure:10207: checking for time.h
configure:10207: result: yes
configure:10207: checking omp.h usability
configure:10207: gcc-10 -c -g -O2  -I/home/damonge/include conftest.c >&5
configure:10207: $? = 0
configure:10207: result: yes
configure:10207: checking omp.h presence
configure:10207: gcc-10 -E  -I/home/damonge/include conftest.c
configure:10207: $? = 0
configure:10207: result: yes
configure:10207: checking for omp.h
configure:10207: result: yes
configure:10219: checking for size_t
configure:10219: gcc-10 -c -g -O2  -I/home/damonge/include conftest.c >&5
configure:10219: $? = 0
configure:10219: gcc-10 -c -g -O2  -I/home/damonge/include conftest.c >&5
conftest.c: In function 'main':
conftest.c:66:21: error: expected expression before ')' token
   66 | if (sizeof ((size_t)))
      |                     ^
configure:10219: $? = 1
configure: failed program was:
| /* confdefs.h */
| #define PACKAGE_NAME "cute"
| #define PACKAGE_TARNAME "cute"
| #define PACKAGE_VERSION "0.0"
| #define PACKAGE_STRING "cute 0.0"
| #define PACKAGE_BUGREPORT "github.com/damonge/CutePy"
| #define PACKAGE_URL ""
| #define PACKAGE "cute"
| #define VERSION "0.0"
| #define STDC_HEADERS 1
| #define HAVE_SYS_TYPES_H 1
| #define HAVE_SYS_STAT_H 1
| #define HAVE_STDLIB_H 1
| #define HAVE_STRING_H 1
| #define HAVE_MEMORY_H 1
| #define HAVE_STRINGS_H 1
| #define HAVE_INTTYPES_H 1
| #define HAVE_STDINT_H 1
| #define HAVE_UNISTD_H 1
| #define HAVE_DLFCN_H 1
| #define LT_OBJDIR ".libs/"
| #define HAVE_STDLIB_H 1
| #define HAVE_STRING_H 1
| #define HAVE_MATH_H 1
| #define HAVE_STDARG_H 1
| #define HAVE_UNISTD_H 1
| #define HAVE_TIME_H 1
| #define HAVE_OMP_H 1
| /* end confdefs.h.  */
| #include <stdio.h>
| #ifdef HAVE_SYS_TYPES_H
| # include <sys/types.h>
| #endif
| #ifdef HAVE_SYS_STAT_H
| # include <sys/stat.h>
| #endif
| #ifdef STDC_HEADERS
| # include <stdlib.h>
| # include <stddef.h>
| #else
| # ifdef HAVE_STDLIB_H
| #  include <stdlib.h>
| # endif
| #endif
| #ifdef HAVE_STRING_H
| # if !defined STDC_HEADERS && defined HAVE_MEMORY_H
| #  include <memory.h>
| # endif
| # include <string.h>
| #endif
| #ifdef HAVE_STRINGS_H
| # include <strings.h>
| #endif
| #ifdef HAVE_INTTYPES_H
| # include <inttypes.h>
| #endif
| #ifdef HAVE_STDINT_H
| # include <stdint.h>
| #endif
| #ifdef HAVE_UNISTD_H
| # include <unistd.h>
| #endif
| int
| main ()
| {
| if (sizeof ((size_t)))
| 	    return 0;
|   ;
|   return 0;
| }
configure:10219: result: yes
configure:10232: checking for stdlib.h
configure:10232: result: yes
configure:10242: checking for GNU libc compatible malloc
configure:10266: gcc-10 -o conftest -g -O2  -I/home/damonge/include  -L/home/damonge/lib conftest.c -lchealpix -lcfitsio -lm  >&5
configure:10266: $? = 0
configure:10266: ./conftest
configure:10266: $? = 0
configure:10276: result: yes
configure:10302: checking for pow
configure:10302: gcc-10 -o conftest -g -O2  -I/home/damonge/include  -L/home/damonge/lib conftest.c -lchealpix -lcfitsio -lm  >&5
conftest.c:55:6: warning: conflicting types for built-in function 'pow'; expected 'double(double,  double)' [-Wbuiltin-declaration-mismatch]
   55 | char pow ();
      |      ^~~
conftest.c:43:1: note: 'pow' is declared in header '<math.h>'
   42 | # include <limits.h>
   43 | #else
configure:10302: $? = 0
configure:10302: result: yes
configure:10302: checking for sqrt
configure:10302: gcc-10 -o conftest -g -O2  -I/home/damonge/include  -L/home/damonge/lib conftest.c -lchealpix -lcfitsio -lm  >&5
conftest.c:56:6: warning: conflicting types for built-in function 'sqrt'; expected 'double(double)' [-Wbuiltin-declaration-mismatch]
   56 | char sqrt ();
      |      ^~~~
conftest.c:44:1: note: 'sqrt' is declared in header '<math.h>'
   43 | # include <limits.h>
   44 | #else
configure:10302: $? = 0
configure:10302: result: yes
configure:10416: checking that generated files are newer than configure
configure:10422: result: done
configure:10457: creating ./config.status

## ---------------------- ##
## Running config.status. ##
## ---------------------- ##

This file was extended by cute config.status 0.0, which was
generated by GNU Autoconf 2.69.  Invocation command line was

  CONFIG_FILES    = 
  CONFIG_HEADERS  = 
  CONFIG_LINKS    = 
  CONFIG_COMMANDS = 
  $ ./config.status 

on Wintermute

config.status:1095: creating Makefile
config.status:1095: creating config.h
config.status:1324: executing depfiles commands
config.status:1401: cd .       && sed -e '/# am--include-marker/d' Makefile         | make -f - am--depfiles
config.status:1406: $? = 0
config.status:1324: executing libtool commands

## ---------------- ##
## Cache variables. ##
## ---------------- ##

ac_cv_build=x86_64-pc-linux-gnu
ac_cv_c_compiler_gnu=yes
ac_cv_env_CC_set=set
ac_cv_env_CC_value=gcc-10
ac_cv_env_CFLAGS_set=
ac_cv_env_CFLAGS_value=
ac_cv_env_CPPFLAGS_set=set
ac_cv_env_CPPFLAGS_value=' -I/home/damonge/include'
ac_cv_env_CPP_set=
ac_cv_env_CPP_value=
ac_cv_env_LDFLAGS_set=set
ac_cv_env_LDFLAGS_value=' -L/home/damonge/lib'
ac_cv_env_LIBS_set=
ac_cv_env_LIBS_value=
ac_cv_env_LT_SYS_LIBRARY_PATH_set=
ac_cv_env_LT_SYS_LIBRARY_PATH_value=
ac_cv_env_build_alias_set=
ac_cv_env_build_alias_value=
ac_cv_env_host_alias_set=
ac_cv_env_host_alias_value=
ac_cv_env_target_alias_set=
ac_cv_env_target_alias_value=
ac_cv_func_dlopen=no
ac_cv_func_malloc_0_nonnull=yes
ac_cv_func_pow=yes
ac_cv_func_shl_load=no
ac_cv_func_sqrt=yes
ac_cv_header_dlfcn_h=yes
ac_cv_header_inttypes_h=yes
ac_cv_header_math_h=yes
ac_cv_header_memory_h=yes
ac_cv_header_omp_h=yes
ac_cv_header_stdarg_h=yes
ac_cv_header_stdc=yes
ac_cv_header_stdint_h=yes
ac_cv_header_stdlib_h=yes
ac_cv_header_string_h=yes
ac_cv_header_strings_h=yes
ac_cv_header_sys_stat_h=yes
ac_cv_header_sys_types_h=yes
ac_cv_header_time_h=yes
ac_cv_header_unistd_h=yes
ac_cv_host=x86_64-pc-linux-gnu
ac_cv_lib_dl_dlopen=yes
ac_cv_lib_dld_shl_load=no
ac_cv_objext=o
ac_cv_path_EGREP='/usr/bin/grep -E'
ac_cv_path_FGREP='/usr/bin/grep -F'
ac_cv_path_GREP=/usr/bin/grep
ac_cv_path_SED=/usr/bin/sed
ac_cv_path_install='/usr/bin/install -c'
ac_cv_path_lt_DD=/usr/bin/dd
ac_cv_path_mkdir=/usr/bin/mkdir
ac_cv_prog_AWK=mawk
ac_cv_prog_CPP='gcc-10 -E'
ac_cv_prog_ac_ct_AR=ar
ac_cv_prog_ac_ct_CC=gcc-10
ac_cv_prog_ac_ct_MANIFEST_TOOL=mt
ac_cv_prog_ac_ct_OBJDUMP=objdump
ac_cv_prog_ac_ct_RANLIB=ranlib
ac_cv_prog_ac_ct_STRIP=strip
ac_cv_prog_c_openmp=-fopenmp
ac_cv_prog_cc_c89=
ac_cv_prog_cc_c99=
ac_cv_prog_cc_g=yes
ac_cv_prog_cc_stdc=
ac_cv_prog_make_make_set=yes
ac_cv_search_ffopen=-lcfitsio
ac_cv_search_pow=-lm
ac_cv_search_ring2nest=-lchealpix
ac_cv_type_size_t=yes
am_cv_CC_dependencies_compiler_type=gcc3
am_cv_ar_interface=ar
am_cv_make_support_nested_variables=yes
am_cv_prog_cc_c_o=yes
lt_cv_ar_at_file=@
lt_cv_archive_cmds_need_lc=no
lt_cv_deplibs_check_method=pass_all
lt_cv_dlopen=dlopen
lt_cv_dlopen_libs=-ldl
lt_cv_dlopen_self=yes
lt_cv_dlopen_self_static=no
lt_cv_file_magic_cmd='$MAGIC_CMD'
lt_cv_file_magic_test_file=
lt_cv_ld_reload_flag=-r
lt_cv_nm_interface='BSD nm'
lt_cv_objdir=.libs
lt_cv_path_LD=/usr/bin/ld
lt_cv_path_NM='/usr/bin/nm -B'
lt_cv_path_mainfest_tool=no
lt_cv_prog_compiler_c_o=yes
lt_cv_prog_compiler_pic='-fPIC -DPIC'
lt_cv_prog_compiler_pic_works=yes
lt_cv_prog_compiler_rtti_exceptions=no
lt_cv_prog_compiler_static_works=yes
lt_cv_prog_gnu_ld=yes
lt_cv_sharedlib_from_linklib_cmd='printf %s\n'
lt_cv_shlibpath_overrides_runpath=yes
lt_cv_sys_global_symbol_pipe='sed -n -e '\''s/^.*[	 ]\([ABCDGIRSTW][ABCDGIRSTW]*\)[	 ][	 ]*\([_A-Za-z][_A-Za-z0-9]*\)$/\1 \2 \2/p'\'' | sed '\''/ __gnu_lto/d'\'''
lt_cv_sys_global_symbol_to_c_name_address='sed -n -e '\''s/^: \(.*\) .*$/  {"\1", (void *) 0},/p'\'' -e '\''s/^[ABCDGIRSTW][ABCDGIRSTW]* .* \(.*\)$/  {"\1", (void *) \&\1},/p'\'''
lt_cv_sys_global_symbol_to_c_name_address_lib_prefix='sed -n -e '\''s/^: \(.*\) .*$/  {"\1", (void *) 0},/p'\'' -e '\''s/^[ABCDGIRSTW][ABCDGIRSTW]* .* \(lib.*\)$/  {"\1", (void *) \&\1},/p'\'' -e '\''s/^[ABCDGIRSTW][ABCDGIRSTW]* .* \(.*\)$/  {"lib\1", (void *) \&\1},/p'\'''
lt_cv_sys_global_symbol_to_cdecl='sed -n -e '\''s/^T .* \(.*\)$/extern int \1();/p'\'' -e '\''s/^[ABCDGIRSTW][ABCDGIRSTW]* .* \(.*\)$/extern char \1;/p'\'''
lt_cv_sys_global_symbol_to_import=
lt_cv_sys_max_cmd_len=1572864
lt_cv_to_host_file_cmd=func_convert_file_noop
lt_cv_to_tool_file_cmd=func_convert_file_noop
lt_cv_truncate_bin='/usr/bin/dd bs=4096 count=1'

## ----------------- ##
## Output variables. ##
## ----------------- ##

ACLOCAL='${SHELL} /home/damonge/Science/PossibleProjects/2022_LCF/CutePy/missing aclocal-1.16'
AMDEPBACKSLASH='\'
AMDEP_FALSE='#'
AMDEP_TRUE=''
AMTAR='$${TAR-tar}'
AM_BACKSLASH='\'
AM_DEFAULT_V='$(AM_DEFAULT_VERBOSITY)'
AM_DEFAULT_VERBOSITY='1'
AM_V='$(V)'
AR='ar'
AUTOCONF='${SHELL} /home/damonge/Science/PossibleProjects/2022_LCF/CutePy/missing autoconf'
AUTOHEADER='${SHELL} /home/damonge/Science/PossibleProjects/2022_LCF/CutePy/missing autoheader'
AUTOMAKE='${SHELL} /home/damonge/Science/PossibleProjects/2022_LCF/CutePy/missing automake-1.16'
AWK='mawk'
CC='gcc-10'
CCDEPMODE='depmode=gcc3'
CFLAGS='-g -O2'
CPP='gcc-10 -E'
CPPFLAGS=' -I/home/damonge/include'
CYGPATH_W='echo'
DEFS='-DHAVE_CONFIG_H'
DEPDIR='.deps'
DLLTOOL='false'
DSYMUTIL=''
DUMPBIN=''
ECHO_C=''
ECHO_N='-n'
ECHO_T=''
EGREP='/usr/bin/grep -E'
EXEEXT=''
FGREP='/usr/bin/grep -F'
GREP='/usr/bin/grep'
INSTALL_DATA='${INSTALL} -m 644'
INSTALL_PROGRAM='${INSTALL}'
INSTALL_SCRIPT='${INSTALL}'
INSTALL_STRIP_PROGRAM='$(install_sh) -c -s'
LD='/usr/bin/ld -m elf_x86_64'
LDFLAGS=' -L/home/damonge/lib'
LIBOBJS=''
LIBS='-lchealpix -lcfitsio -lm '
LIBTOOL='$(SHELL) $(top_builddir)/libtool'
LIPO=''
LN_S='ln -s'
LTLIBOBJS=''
LT_SYS_LIBRARY_PATH=''
MAINT='#'
MAINTAINER_MODE_FALSE=''
MAINTAINER_MODE_TRUE='#'
MAKEINFO='${SHELL} /home/damonge/Science/PossibleProjects/2022_LCF/CutePy/missing makeinfo'
MANIFEST_TOOL=':'
MKDIR_P='/usr/bin/mkdir -p'
NM='/usr/bin/nm -B'
NMEDIT=''
OBJDUMP='objdump'
OBJEXT='o'
OPENMP_CFLAGS='-fopenmp'
OTOOL64=''
OTOOL=''
PACKAGE='cute'
PACKAGE_BUGREPORT='github.com/damonge/CutePy'
PACKAGE_NAME='cute'
PACKAGE_STRING='cute 0.0'
PACKAGE_TARNAME='cute'
PACKAGE_URL=''
PACKAGE_VERSION='0.0'
PATH_SEPARATOR=':'
RANLIB='ranlib'
SED='/usr/bin/sed'
SET_MAKE=''
SHELL='/bin/bash'
STRIP='strip'
VERSION='0.0'
ac_ct_AR='ar'
ac_ct_CC='gcc-10'
ac_ct_DUMPBIN=''
am__EXEEXT_FALSE=''
am__EXEEXT_TRUE='#'
am__fastdepCC_FALSE='#'
am__fastdepCC_TRUE=''
am__include='include'
am__isrc=''
am__leading_dot='.'
am__nodep='_no'
am__quote=''
am__tar='$${TAR-tar} chof - "$$tardir"'
am__untar='$${TAR-tar} xf -'
bindir='${exec_prefix}/bin'
build='x86_64-pc-linux-gnu'
build_alias=''
build_cpu='x86_64'
build_os='linux-gnu'
build_vendor='pc'
datadir='${datarootdir}'
datarootdir='${prefix}/share'
docdir='${datarootdir}/doc/${PACKAGE_TARNAME}'
dvidir='${docdir}'
exec_prefix='${prefix}'
host='x86_64-pc-linux-gnu'
host_alias=''
host_cpu='x86_64'
host_os='linux-gnu'
host_vendor='pc'
htmldir='${docdir}'
includedir='${prefix}/include'
infodir='${datarootdir}/info'
install_sh='${SHELL} /home/damonge/Science/PossibleProjects/2022_LCF/CutePy/install-sh'
libdir='${exec_prefix}/lib'
libexecdir='${exec_prefix}/libexec'
localedir='${datarootdir}/locale'
localstatedir='${prefix}/var'
mandir='${datarootdir}/man'
mkdir_p='$(MKDIR_P)'
oldincludedir='/usr/include'
pdfdir='${docdir}'
prefix='/home/damonge'
program_transform_name='s,x,x,'
psdir='${docdir}'
runstatedir='${localstatedir}/run'
sbindir='${exec_prefix}/sbin'
sharedstatedir='${prefix}/com'
sysconfdir='${prefix}/etc'
target_alias=''

## ----------- ##
## confdefs.h. ##
## ----------- ##

/* confdefs.h */
#define PACKAGE_NAME "cute"
#define PACKAGE_TARNAME "cute"
#define PACKAGE_VERSION "0.0"
#define PACKAGE_STRING "cute 0.0"
#define PACKAGE_BUGREPORT "github.com/damonge/CutePy"
#define PACKAGE_URL ""
#define PACKAGE "cute"
#define VERSION "0.0"
#define STDC_HEADERS 1
#define HAVE_SYS_TYPES_H 1
#define HAVE_SYS_STAT_H 1
#define HAVE_STDLIB_H 1
#define HAVE_STRING_H 1
#define HAVE_MEMORY_H 1
#define HAVE_STRINGS_H 1
#define HAVE_INTTYPES_H 1
#define HAVE_STDINT_H 1
#define HAVE_UNISTD_H 1
#define HAVE_DLFCN_H 1
#define LT_OBJDIR ".libs/"
#define HAVE_STDLIB_H 1
#define HAVE_STRING_H 1
#define HAVE_MATH_H 1
#define HAVE_STDARG_H 1
#define HAVE_UNISTD_H 1
#define HAVE_TIME_H 1
#define HAVE_OMP_H 1
#define HAVE_STDLIB_H 1
#define HAVE_MALLOC 1
#define HAVE_POW 1
#define HAVE_SQRT 1

configure: exit 0
